[2025-09-10T17:23:35.356Z] Email service module loaded
[2025-09-10T17:35:36.686Z] Email service module loaded
[2025-09-10T17:36:59.145Z] Email service module loaded
[2025-09-10T17:37:24.036Z] Email service module loaded
[2025-09-10T17:37:37.589Z] Email service module loaded
[2025-09-10T17:37:51.985Z] Email service module loaded
[2025-09-10T18:28:31.628Z] Email service module loaded
[2025-09-10T18:28:31.638Z] =================== EMAIL TEST SCRIPT ===================
[2025-09-10T18:28:31.638Z] EMAIL_USER: bensalahmedhedi42@gmail.com
[2025-09-10T18:28:31.638Z] EMAIL_PASS: [DEFINED]
[2025-09-10T18:28:31.639Z] EMAIL_HOST: smtp.gmail.com
[2025-09-10T18:28:31.639Z] EMAIL_PORT: 587
[2025-09-10T18:28:31.640Z] Sending test email to: test@example.com
[2025-09-10T18:28:31.644Z] WELCOME EMAIL FUNCTION CALLED: test@example.com, Test User
[2025-09-10T18:28:31.644Z] EMAIL_USER: bensalahmedhedi42@gmail.com
[2025-09-10T18:28:31.645Z] EMAIL_PASS: [DEFINED]
[2025-09-10T18:28:31.645Z] EMAIL_HOST: smtp.gmail.com
[2025-09-10T18:28:31.645Z] EMAIL_PORT: 587
[2025-09-10T18:28:31.646Z] Starting welcome email send to test@example.com for Test User
[2025-09-10T18:28:31.647Z] Creating email transporter...
[2025-09-10T18:28:31.647Z] Environment variables check:
[2025-09-10T18:28:31.647Z] EMAIL_USER: bensalahmedhedi42@gmail.com
[2025-09-10T18:28:31.647Z] EMAIL_PASS length: 16
[2025-09-10T18:28:31.647Z] EMAIL_HOST: smtp.gmail.com
[2025-09-10T18:28:31.648Z] EMAIL_PORT: 587
[2025-09-10T18:28:31.659Z] Created transporter successfully
[2025-09-10T18:28:32.366Z] Transport verification SUCCESSFUL
[2025-09-10T18:28:32.367Z] Preparing to send welcome email to test@example.com from "JuniorsCV Support" <bensalahmedhedi42@gmail.com>
[2025-09-10T18:28:32.368Z] Attempting to send welcome email...
[2025-09-10T18:28:39.704Z] Email sent SUCCESSFULLY! Message ID: <4f420a15-02df-2201-9e6e-8b853b20ffb1@gmail.com>
[2025-09-10T18:28:39.707Z] Email send result: {"success":true,"messageId":"<4f420a15-02df-2201-9e6e-8b853b20ffb1@gmail.com>"}
[2025-09-10T18:28:39.707Z] TEST PASSED: Email sent successfully!
[2025-09-10T18:31:17.879Z] Email service module loaded
[2025-09-10T18:31:32.017Z] Email service module loaded
[2025-09-10T18:41:57.748Z] Email service module loaded
[2025-09-10T18:46:27.550Z] Email service module loaded
[2025-09-10T18:46:27.556Z] =================== EMAIL TEST SCRIPT ===================
[2025-09-10T18:46:27.556Z] EMAIL_USER: bensalahmedhedi42@gmail.com
[2025-09-10T18:46:27.557Z] EMAIL_PASS: [DEFINED]
[2025-09-10T18:46:27.557Z] EMAIL_HOST: smtp.gmail.com
[2025-09-10T18:46:27.557Z] EMAIL_PORT: 587
[2025-09-10T18:46:27.558Z] Sending test email to: test@example.com
[2025-09-10T18:46:27.560Z] WELCOME EMAIL FUNCTION CALLED: test@example.com, Test User
[2025-09-10T18:46:27.560Z] EMAIL_USER: bensalahmedhedi42@gmail.com
[2025-09-10T18:46:27.560Z] EMAIL_PASS: [DEFINED]
[2025-09-10T18:46:27.560Z] EMAIL_HOST: smtp.gmail.com
[2025-09-10T18:46:27.560Z] EMAIL_PORT: 587
[2025-09-10T18:46:27.561Z] Starting welcome email send to test@example.com for Test User
[2025-09-10T18:46:27.562Z] Creating email transporter...
[2025-09-10T18:46:27.562Z] Environment variables check:
[2025-09-10T18:46:27.563Z] EMAIL_USER: bensalahmedhedi42@gmail.com
[2025-09-10T18:46:27.563Z] EMAIL_PASS length: 16
[2025-09-10T18:46:27.563Z] EMAIL_HOST: smtp.gmail.com
[2025-09-10T18:46:27.563Z] EMAIL_PORT: 587
[2025-09-10T18:46:27.578Z] Created transporter successfully
[2025-09-10T18:46:35.199Z] Transport verification SUCCESSFUL
[2025-09-10T18:46:35.200Z] Preparing to send welcome email to test@example.com from "JuniorsCV Support" <bensalahmedhedi42@gmail.com>
[2025-09-10T18:46:35.200Z] Attempting to send welcome email...
[2025-09-10T18:46:37.343Z] Email sent SUCCESSFULLY! Message ID: <85458164-e9c9-ab92-8100-dd771a675546@gmail.com>
[2025-09-10T18:46:37.344Z] Email send result: {"success":true,"messageId":"<85458164-e9c9-ab92-8100-dd771a675546@gmail.com>"}
[2025-09-10T18:46:37.344Z] TEST PASSED: Email sent successfully!
[2025-09-10T18:47:37.102Z] Email service module loaded
[2025-09-10T18:47:43.651Z] Email service module loaded
[2025-09-10T18:49:52.246Z] Email service module loaded
[2025-09-10T18:50:00.409Z] Email service module loaded
[2025-09-10T18:50:00.420Z] WELCOME EMAIL FUNCTION CALLED: bensalahmedhedi42@gmail.com, Test User
[2025-09-10T18:50:00.420Z] EMAIL_USER: bensalahmedhedi42@gmail.com
[2025-09-10T18:50:00.420Z] EMAIL_PASS: [DEFINED]
[2025-09-10T18:50:00.420Z] EMAIL_HOST: smtp.gmail.com
[2025-09-10T18:50:00.421Z] EMAIL_PORT: 587
[2025-09-10T18:50:00.421Z] Starting welcome email send to bensalahmedhedi42@gmail.com for Test User
[2025-09-10T18:50:00.421Z] Creating email transporter...
[2025-09-10T18:50:00.421Z] Environment variables check:
[2025-09-10T18:50:00.421Z] EMAIL_USER: bensalahmedhedi42@gmail.com
[2025-09-10T18:50:00.422Z] EMAIL_PASS length: 16
[2025-09-10T18:50:00.422Z] EMAIL_HOST: smtp.gmail.com
[2025-09-10T18:50:00.422Z] EMAIL_PORT: 587
[2025-09-10T18:50:00.433Z] Created transporter successfully
[2025-09-10T18:50:14.828Z] Transport verification SUCCESSFUL
[2025-09-10T18:50:14.829Z] Preparing to send welcome email to bensalahmedhedi42@gmail.com from "JuniorsCV Support" <bensalahmedhedi42@gmail.com>
[2025-09-10T18:50:14.829Z] Attempting to send welcome email...
[2025-09-10T18:50:16.363Z] Email sent SUCCESSFULLY! Message ID: <cd1e2407-237b-62eb-2be6-b1f9c25ddd9b@gmail.com>
[2025-09-10T18:52:28.389Z] Email service module loaded
[2025-09-10T18:52:45.406Z] Email service module loaded
[2025-09-10T18:52:57.863Z] Email service module loaded
[2025-09-10T18:53:10.621Z] Email service module loaded
[2025-09-10T18:53:19.417Z] Email service module loaded
[2025-09-10T18:53:50.420Z] Email service module loaded
[2025-09-10T18:55:35.140Z] Email service module loaded
[2025-09-10T18:57:45.418Z] Email service module loaded
[2025-09-10T18:58:22.007Z] REGISTER attempt to send welcome email to bensalahmedqhqedi402@gmailbnn.com
[2025-09-10T18:58:22.013Z] REGISTER: Sending basic welcome email to bensalahmedqhqedi402@gmailbnn.com
[2025-09-10T18:58:24.536Z] REGISTER: Basic welcome email SENT to bensalahmedqhqedi402@gmailbnn.com: <3d7b3c93-fe46-567f-2826-08f88be645cc@gmail.com>
[2025-09-10T18:58:24.536Z] REGISTER email sent successfully to bensalahmedqhqedi402@gmailbnn.com
[2025-09-10T18:59:16.204Z] Email service module loaded
[2025-09-10T19:00:11.746Z] Email service module loaded
[2025-09-10T19:03:04.439Z] Email service module loaded
[2025-09-10T19:03:46.219Z] Email service module loaded
[2025-09-10T19:04:13.423Z] Email service module loaded
